<?xml version="1.0" encoding="UTF-8"?>
<!-- Generated by org.testng.reporters.JUnitReportReporter -->
<testsuite hostname="DESKTOP-GLVC8F2" failures="0" tests="2" name="com.thoughtworks.apiAssignmentTest.ListOfUsersTest" time="2.645" errors="0" timestamp="2021-04-19T12:42:11 IST" skipped="0">
  <testcase classname="com.thoughtworks.apiAssignmentTest.ListOfUsersTest" name="testSuccessfulRetrievalOfListOfUsers" time="1.320"/>
  <system-out/>
  <testcase classname="com.thoughtworks.apiAssignmentTest.ListOfUsersTest" name="testForResponseTime" time="1.325"/>
  <system-out/>
</testsuite> <!-- com.thoughtworks.apiAssignmentTest.ListOfUsersTest -->
