<?xml version="1.0" encoding="UTF-8"?>
<!-- Generated by org.testng.reporters.JUnitReportReporter -->
<testsuite hostname="DESKTOP-GLVC8F2" failures="0" tests="6" name="com.thoughtworks.apiAssignmentTest.RegistrationTest" time="12.951" errors="0" timestamp="2021-04-19T12:42:11 IST" skipped="0">
  <testcase classname="com.thoughtworks.apiAssignmentTest.RegistrationTest" name="testFailedRegistrationWithNoEmailAndUsername" time="1.697"/>
  <system-out/>
  <testcase classname="com.thoughtworks.apiAssignmentTest.RegistrationTest" name="testFailedRegistrationWithNoEmail" time="1.699"/>
  <system-out/>
  <testcase classname="com.thoughtworks.apiAssignmentTest.RegistrationTest" name="testFailedRegistrationWithInvalidEmail" time="4.302"/>
  <system-out/>
  <testcase classname="com.thoughtworks.apiAssignmentTest.RegistrationTest" name="testForResponseTimeForDeleteUser" time="1.758"/>
  <system-out/>
  <testcase classname="com.thoughtworks.apiAssignmentTest.RegistrationTest" name="testSuccessfulRegistration" time="1.757"/>
  <system-out/>
  <testcase classname="com.thoughtworks.apiAssignmentTest.RegistrationTest" name="testFailedRegistrationWithNoPassword" time="1.738"/>
  <system-out/>
</testsuite> <!-- com.thoughtworks.apiAssignmentTest.RegistrationTest -->
