<?xml version="1.0" encoding="UTF-8"?>
<!-- Generated by org.testng.reporters.JUnitReportReporter -->
<testsuite hostname="DESKTOP-GLVC8F2" failures="0" tests="6" name="com.thoughtworks.apiAssignmentTest.CreateUserTest" time="10.540" errors="0" timestamp="2021-04-19T12:42:11 IST" skipped="0">
  <testcase classname="com.thoughtworks.apiAssignmentTest.CreateUserTest" name="testSuccessfulCreateUserWithNoNameNoJob" time="1.715"/>
  <system-out/>
  <testcase classname="com.thoughtworks.apiAssignmentTest.CreateUserTest" name="testSuccessfulCreateUserWithBlankNameAndJob" time="1.735"/>
  <system-out/>
  <testcase classname="com.thoughtworks.apiAssignmentTest.CreateUserTest" name="testSuccessfulCreateUserWithOnlyJob" time="1.783"/>
  <system-out/>
  <testcase classname="com.thoughtworks.apiAssignmentTest.CreateUserTest" name="testSuccessfulCreateUserWithOnlyName" time="1.707"/>
  <system-out/>
  <testcase classname="com.thoughtworks.apiAssignmentTest.CreateUserTest" name="testForResponseTimeForSuccessfulCreateUser" time="1.829"/>
  <system-out/>
  <testcase classname="com.thoughtworks.apiAssignmentTest.CreateUserTest" name="testSuccessfulCreateUserWithBothNameAndJob" time="1.771"/>
  <system-out/>
</testsuite> <!-- com.thoughtworks.apiAssignmentTest.CreateUserTest -->
