<?xml version="1.0" encoding="UTF-8"?>
<!-- Generated by org.testng.reporters.JUnitReportReporter -->
<testsuite hostname="DESKTOP-GLVC8F2" failures="0" tests="8" name="com.thoughtworks.apiAssignmentTest.LoginTest" time="12.578" errors="0" timestamp="2021-04-19T12:42:11 IST" skipped="0">
  <testcase classname="com.thoughtworks.apiAssignmentTest.LoginTest" name="testFailedLoginWithInvalidPassword" time="1.756"/>
  <system-out/>
  <testcase classname="com.thoughtworks.apiAssignmentTest.LoginTest" name="testFailedLoginWithNoEmailAndUsername" time="1.725"/>
  <system-out/>
  <testcase classname="com.thoughtworks.apiAssignmentTest.LoginTest" name="testForResponseTimeForValidLoginScenario" time="1.695"/>
  <system-out/>
  <testcase classname="com.thoughtworks.apiAssignmentTest.LoginTest" name="testSuccessfulLogin" time="1.635"/>
  <system-out/>
  <testcase classname="com.thoughtworks.apiAssignmentTest.LoginTest" name="testFailedLoginWithInvalidEmail" time="1.789"/>
  <system-out/>
  <testcase classname="com.thoughtworks.apiAssignmentTest.LoginTest" name="testFailedLoginWithNoPassword" time="0.561"/>
  <system-out/>
  <testcase classname="com.thoughtworks.apiAssignmentTest.LoginTest" name="testForResponseTimeForInvalidLoginScenario" time="1.747"/>
  <system-out/>
  <testcase classname="com.thoughtworks.apiAssignmentTest.LoginTest" name="testFailedLoginWithNoEmail" time="1.670"/>
  <system-out/>
</testsuite> <!-- com.thoughtworks.apiAssignmentTest.LoginTest -->
