<?xml version="1.0" encoding="UTF-8"?>
<!-- Generated by org.testng.reporters.JUnitReportReporter -->
<testsuite hostname="DESKTOP-GLVC8F2" failures="0" tests="1" name="com.thoughtworks.apiAssignmentTest.DeleteUserTest" time="1.764" errors="0" timestamp="2021-04-19T12:42:11 IST" skipped="0">
  <testcase classname="com.thoughtworks.apiAssignmentTest.DeleteUserTest" name="testSuccessfulDeletedUser" time="1.764"/>
  <system-out/>
</testsuite> <!-- com.thoughtworks.apiAssignmentTest.DeleteUserTest -->
