<?xml version="1.0" encoding="UTF-8"?>
<!-- Generated by org.testng.reporters.JUnitReportReporter -->
<testsuite hostname="DESKTOP-GLVC8F2" failures="0" tests="5" name="com.thoughtworks.apiAssignment.registration.RegistrationTest" time="14.450" errors="0" timestamp="2021-04-18T20:19:13 IST" skipped="0">
  <testcase classname="com.thoughtworks.apiAssignment.registration.RegistrationTest" name="testFailedRegistrationWithNoEmail" time="1.750"/>
  <system-out/>
  <testcase classname="com.thoughtworks.apiAssignment.registration.RegistrationTest" name="testFailedRegistrationWithNoEmailAndUsername" time="1.703"/>
  <system-out/>
  <testcase classname="com.thoughtworks.apiAssignment.registration.RegistrationTest" name="testSuccessfulRegistration" time="0.923"/>
  <system-out/>
  <testcase classname="com.thoughtworks.apiAssignment.registration.RegistrationTest" name="testFailedRegistrationWithInvalidEmail" time="8.274"/>
  <system-out/>
  <testcase classname="com.thoughtworks.apiAssignment.registration.RegistrationTest" name="testFailedRegistrationWithNoPassword" time="1.800"/>
  <system-out/>
</testsuite> <!-- com.thoughtworks.apiAssignment.registration.RegistrationTest -->
